<?xml version="1.0" encoding="UTF-8"?>
<testsuites>
  <testsuite name="" tests="64" assertions="121" errors="0" failures="0" skipped="0" time="0.272687">
    <testsuite name="Project Test Suite" tests="64" assertions="121" errors="0" failures="0" skipped="0" time="0.272687">
      <testsuite name="App\Card\CardGraphicTest" file="/home/mrrobin/dbwebb-kurser/mvc/me/report/tests/Card/CardGraphicTest.php" tests="6" assertions="11" errors="0" failures="0" skipped="0" time="0.090511">
        <testcase name="testCreateCardGraphicCheckDefaults" file="/home/mrrobin/dbwebb-kurser/mvc/me/report/tests/Card/CardGraphicTest.php" line="15" class="App\Card\CardGraphicTest" classname="App.Card.CardGraphicTest" assertions="1" time="0.084359"/>
        <testcase name="testGetPropertiesForNull" file="/home/mrrobin/dbwebb-kurser/mvc/me/report/tests/Card/CardGraphicTest.php" line="24" class="App\Card\CardGraphicTest" classname="App.Card.CardGraphicTest" assertions="2" time="0.001651"/>
        <testcase name="testGetPropertiesForHearts" file="/home/mrrobin/dbwebb-kurser/mvc/me/report/tests/Card/CardGraphicTest.php" line="40" class="App\Card\CardGraphicTest" classname="App.Card.CardGraphicTest" assertions="2" time="0.001161"/>
        <testcase name="testGetPropertiesForDiamonds" file="/home/mrrobin/dbwebb-kurser/mvc/me/report/tests/Card/CardGraphicTest.php" line="56" class="App\Card\CardGraphicTest" classname="App.Card.CardGraphicTest" assertions="2" time="0.001185"/>
        <testcase name="testGetPropertiesForClubs" file="/home/mrrobin/dbwebb-kurser/mvc/me/report/tests/Card/CardGraphicTest.php" line="72" class="App\Card\CardGraphicTest" classname="App.Card.CardGraphicTest" assertions="2" time="0.001081"/>
        <testcase name="testGetPropertiesForSpades" file="/home/mrrobin/dbwebb-kurser/mvc/me/report/tests/Card/CardGraphicTest.php" line="88" class="App\Card\CardGraphicTest" classname="App.Card.CardGraphicTest" assertions="2" time="0.001074"/>
      </testsuite>
      <testsuite name="App\Card\CardHandTest" file="/home/mrrobin/dbwebb-kurser/mvc/me/report/tests/Card/CardHandTest.php" tests="4" assertions="7" errors="0" failures="0" skipped="0" time="0.005870">
        <testcase name="testCreateCardHandCheckDefaults" file="/home/mrrobin/dbwebb-kurser/mvc/me/report/tests/Card/CardHandTest.php" line="15" class="App\Card\CardHandTest" classname="App.Card.CardHandTest" assertions="1" time="0.002331"/>
        <testcase name="testCreateCardHandCheckValues" file="/home/mrrobin/dbwebb-kurser/mvc/me/report/tests/Card/CardHandTest.php" line="25" class="App\Card\CardHandTest" classname="App.Card.CardHandTest" assertions="1" time="0.001271"/>
        <testcase name="testCardHandClear" file="/home/mrrobin/dbwebb-kurser/mvc/me/report/tests/Card/CardHandTest.php" line="39" class="App\Card\CardHandTest" classname="App.Card.CardHandTest" assertions="1" time="0.001111"/>
        <testcase name="testGetCardHandProperties" file="/home/mrrobin/dbwebb-kurser/mvc/me/report/tests/Card/CardHandTest.php" line="58" class="App\Card\CardHandTest" classname="App.Card.CardHandTest" assertions="4" time="0.001156"/>
      </testsuite>
      <testsuite name="App\Card\CardTest" file="/home/mrrobin/dbwebb-kurser/mvc/me/report/tests/Card/CardTest.php" tests="2" assertions="5" errors="0" failures="0" skipped="0" time="0.002261">
        <testcase name="testCreateCardCheckDefaults" file="/home/mrrobin/dbwebb-kurser/mvc/me/report/tests/Card/CardTest.php" line="15" class="App\Card\CardTest" classname="App.Card.CardTest" assertions="1" time="0.001166"/>
        <testcase name="testGetProperties" file="/home/mrrobin/dbwebb-kurser/mvc/me/report/tests/Card/CardTest.php" line="24" class="App\Card\CardTest" classname="App.Card.CardTest" assertions="4" time="0.001095"/>
      </testsuite>
      <testsuite name="App\Card\DeckOfCardsTest" file="/home/mrrobin/dbwebb-kurser/mvc/me/report/tests/Card/DeckOfCardsTest.php" tests="3" assertions="5" errors="0" failures="0" skipped="0" time="0.009720">
        <testcase name="testCreateDeckOfCardsCheckDefaults" file="/home/mrrobin/dbwebb-kurser/mvc/me/report/tests/Card/DeckOfCardsTest.php" line="15" class="App\Card\DeckOfCardsTest" classname="App.Card.DeckOfCardsTest" assertions="1" time="0.003642"/>
        <testcase name="testCreateDeckOfCardsCheckCustomCards" file="/home/mrrobin/dbwebb-kurser/mvc/me/report/tests/Card/DeckOfCardsTest.php" line="25" class="App\Card\DeckOfCardsTest" classname="App.Card.DeckOfCardsTest" assertions="1" time="0.001210"/>
        <testcase name="testGetProperties" file="/home/mrrobin/dbwebb-kurser/mvc/me/report/tests/Card/DeckOfCardsTest.php" line="36" class="App\Card\DeckOfCardsTest" classname="App.Card.DeckOfCardsTest" assertions="3" time="0.004868"/>
      </testsuite>
      <testsuite name="App\Poker\PokerRankerTest" file="/home/mrrobin/dbwebb-kurser/mvc/me/report/tests/Card/PokerRankerTest.php" tests="11" assertions="16" errors="0" failures="0" skipped="0" time="0.031950">
        <testcase name="testHighCardRank" file="/home/mrrobin/dbwebb-kurser/mvc/me/report/tests/Card/PokerRankerTest.php" line="14" class="App\Poker\PokerRankerTest" classname="App.Poker.PokerRankerTest" assertions="1" time="0.002829"/>
        <testcase name="testOnePairRank" file="/home/mrrobin/dbwebb-kurser/mvc/me/report/tests/Card/PokerRankerTest.php" line="29" class="App\Poker\PokerRankerTest" classname="App.Poker.PokerRankerTest" assertions="1" time="0.006097"/>
        <testcase name="testTwoPairRank" file="/home/mrrobin/dbwebb-kurser/mvc/me/report/tests/Card/PokerRankerTest.php" line="44" class="App\Poker\PokerRankerTest" classname="App.Poker.PokerRankerTest" assertions="1" time="0.002771"/>
        <testcase name="testThreeOfAKindRank" file="/home/mrrobin/dbwebb-kurser/mvc/me/report/tests/Card/PokerRankerTest.php" line="59" class="App\Poker\PokerRankerTest" classname="App.Poker.PokerRankerTest" assertions="1" time="0.001471"/>
        <testcase name="testStraightRank" file="/home/mrrobin/dbwebb-kurser/mvc/me/report/tests/Card/PokerRankerTest.php" line="74" class="App\Poker\PokerRankerTest" classname="App.Poker.PokerRankerTest" assertions="1" time="0.005800"/>
        <testcase name="testStraight2Rank" file="/home/mrrobin/dbwebb-kurser/mvc/me/report/tests/Card/PokerRankerTest.php" line="89" class="App\Poker\PokerRankerTest" classname="App.Poker.PokerRankerTest" assertions="1" time="0.003437"/>
        <testcase name="testFlushRank" file="/home/mrrobin/dbwebb-kurser/mvc/me/report/tests/Card/PokerRankerTest.php" line="104" class="App\Poker\PokerRankerTest" classname="App.Poker.PokerRankerTest" assertions="1" time="0.001683"/>
        <testcase name="testFullHouseRank" file="/home/mrrobin/dbwebb-kurser/mvc/me/report/tests/Card/PokerRankerTest.php" line="119" class="App\Poker\PokerRankerTest" classname="App.Poker.PokerRankerTest" assertions="1" time="0.002789"/>
        <testcase name="testFourOfAKindRank" file="/home/mrrobin/dbwebb-kurser/mvc/me/report/tests/Card/PokerRankerTest.php" line="134" class="App\Poker\PokerRankerTest" classname="App.Poker.PokerRankerTest" assertions="1" time="0.001392"/>
        <testcase name="testStraightFlushRank" file="/home/mrrobin/dbwebb-kurser/mvc/me/report/tests/Card/PokerRankerTest.php" line="149" class="App\Poker\PokerRankerTest" classname="App.Poker.PokerRankerTest" assertions="1" time="0.001351"/>
        <testcase name="testRoyalFlushRank" file="/home/mrrobin/dbwebb-kurser/mvc/me/report/tests/Card/PokerRankerTest.php" line="164" class="App\Poker\PokerRankerTest" classname="App.Poker.PokerRankerTest" assertions="6" time="0.002331"/>
      </testsuite>
      <testsuite name="App\Controller\APIControllerTest" file="/home/mrrobin/dbwebb-kurser/mvc/me/report/tests/Controller/APIControllerTest.php" tests="5" assertions="10" errors="0" failures="0" skipped="0" time="0.030007">
        <testcase name="testApiDeck" file="/home/mrrobin/dbwebb-kurser/mvc/me/report/tests/Controller/APIControllerTest.php" line="15" class="App\Controller\APIControllerTest" classname="App.Controller.APIControllerTest" assertions="2" time="0.021574"/>
        <testcase name="testApiDeckShuffle" file="/home/mrrobin/dbwebb-kurser/mvc/me/report/tests/Controller/APIControllerTest.php" line="27" class="App\Controller\APIControllerTest" classname="App.Controller.APIControllerTest" assertions="2" time="0.002556"/>
        <testcase name="testGetDailyQuote" file="/home/mrrobin/dbwebb-kurser/mvc/me/report/tests/Controller/APIControllerTest.php" line="39" class="App\Controller\APIControllerTest" classname="App.Controller.APIControllerTest" assertions="2" time="0.002572"/>
        <testcase name="testQuote" file="/home/mrrobin/dbwebb-kurser/mvc/me/report/tests/Controller/APIControllerTest.php" line="48" class="App\Controller\APIControllerTest" classname="App.Controller.APIControllerTest" assertions="2" time="0.001470"/>
        <testcase name="testGetCurrentStatusOfCardGame" file="/home/mrrobin/dbwebb-kurser/mvc/me/report/tests/Controller/APIControllerTest.php" line="57" class="App\Controller\APIControllerTest" classname="App.Controller.APIControllerTest" assertions="2" time="0.001835"/>
      </testsuite>
      <testsuite name="App\Dice\DiceGraphicTest" file="/home/mrrobin/dbwebb-kurser/mvc/me/report/tests/Dice/DiceGraphicTest.php" tests="1" assertions="2" errors="0" failures="0" skipped="0" time="0.004815">
        <testcase name="testCreateDiceGraphicCheckDefaults" file="/home/mrrobin/dbwebb-kurser/mvc/me/report/tests/Dice/DiceGraphicTest.php" line="15" class="App\Dice\DiceGraphicTest" classname="App.Dice.DiceGraphicTest" assertions="2" time="0.004815"/>
      </testsuite>
      <testsuite name="App\Dice\DiceHandTest" file="/home/mrrobin/dbwebb-kurser/mvc/me/report/tests/Dice/DiceHandTest.php" tests="2" assertions="5" errors="0" failures="0" skipped="0" time="0.004029">
        <testcase name="testCreateDiceHandCheckDefaults" file="/home/mrrobin/dbwebb-kurser/mvc/me/report/tests/Dice/DiceHandTest.php" line="15" class="App\Dice\DiceHandTest" classname="App.Dice.DiceHandTest" assertions="2" time="0.002263"/>
        <testcase name="testDiceHandRoll" file="/home/mrrobin/dbwebb-kurser/mvc/me/report/tests/Dice/DiceHandTest.php" line="30" class="App\Dice\DiceHandTest" classname="App.Dice.DiceHandTest" assertions="3" time="0.001765"/>
      </testsuite>
      <testsuite name="App\Dice\DiceTest" file="/home/mrrobin/dbwebb-kurser/mvc/me/report/tests/Dice/DiceTest.php" tests="2" assertions="6" errors="0" failures="0" skipped="0" time="0.002276">
        <testcase name="testCreateDiceCheckDefaults" file="/home/mrrobin/dbwebb-kurser/mvc/me/report/tests/Dice/DiceTest.php" line="15" class="App\Dice\DiceTest" classname="App.Dice.DiceTest" assertions="2" time="0.001146"/>
        <testcase name="testRollDiceCheckOutcome" file="/home/mrrobin/dbwebb-kurser/mvc/me/report/tests/Dice/DiceTest.php" line="30" class="App\Dice\DiceTest" classname="App.Dice.DiceTest" assertions="4" time="0.001130"/>
      </testsuite>
      <testsuite name="App\Controller\BookTest" file="/home/mrrobin/dbwebb-kurser/mvc/me/report/tests/Entity/BookTest.php" tests="5" assertions="9" errors="0" failures="0" skipped="0" time="0.014538">
        <testcase name="testId" file="/home/mrrobin/dbwebb-kurser/mvc/me/report/tests/Entity/BookTest.php" line="14" class="App\Controller\BookTest" classname="App.Controller.BookTest" assertions="1" time="0.003890"/>
        <testcase name="testTitle" file="/home/mrrobin/dbwebb-kurser/mvc/me/report/tests/Entity/BookTest.php" line="20" class="App\Controller\BookTest" classname="App.Controller.BookTest" assertions="2" time="0.001661"/>
        <testcase name="testISBN" file="/home/mrrobin/dbwebb-kurser/mvc/me/report/tests/Entity/BookTest.php" line="29" class="App\Controller\BookTest" classname="App.Controller.BookTest" assertions="2" time="0.002413"/>
        <testcase name="testAuthor" file="/home/mrrobin/dbwebb-kurser/mvc/me/report/tests/Entity/BookTest.php" line="38" class="App\Controller\BookTest" classname="App.Controller.BookTest" assertions="2" time="0.004993"/>
        <testcase name="testImgPath" file="/home/mrrobin/dbwebb-kurser/mvc/me/report/tests/Entity/BookTest.php" line="47" class="App\Controller\BookTest" classname="App.Controller.BookTest" assertions="2" time="0.001580"/>
      </testsuite>
      <testsuite name="App\Controller\ProductTest" file="/home/mrrobin/dbwebb-kurser/mvc/me/report/tests/Entity/ProductTest.php" tests="3" assertions="5" errors="0" failures="0" skipped="0" time="0.006449">
        <testcase name="testId" file="/home/mrrobin/dbwebb-kurser/mvc/me/report/tests/Entity/ProductTest.php" line="14" class="App\Controller\ProductTest" classname="App.Controller.ProductTest" assertions="1" time="0.003834"/>
        <testcase name="testName" file="/home/mrrobin/dbwebb-kurser/mvc/me/report/tests/Entity/ProductTest.php" line="20" class="App\Controller\ProductTest" classname="App.Controller.ProductTest" assertions="2" time="0.001345"/>
        <testcase name="testValue" file="/home/mrrobin/dbwebb-kurser/mvc/me/report/tests/Entity/ProductTest.php" line="29" class="App\Controller\ProductTest" classname="App.Controller.ProductTest" assertions="2" time="0.001269"/>
      </testsuite>
      <testsuite name="App\Game\GamePokerTest" file="/home/mrrobin/dbwebb-kurser/mvc/me/report/tests/Game/GamePokerTest.php" tests="13" assertions="30" errors="0" failures="0" skipped="0" time="0.049909">
        <testcase name="testPopSelectedCard" file="/home/mrrobin/dbwebb-kurser/mvc/me/report/tests/Game/GamePokerTest.php" line="18" class="App\Game\GamePokerTest" classname="App.Game.GamePokerTest" assertions="3" time="0.006959"/>
        <testcase name="testSetAndGetBoardElement" file="/home/mrrobin/dbwebb-kurser/mvc/me/report/tests/Game/GamePokerTest.php" line="34" class="App\Game\GamePokerTest" classname="App.Game.GamePokerTest" assertions="1" time="0.002323"/>
        <testcase name="testHasBoardElement" file="/home/mrrobin/dbwebb-kurser/mvc/me/report/tests/Game/GamePokerTest.php" line="47" class="App\Game\GamePokerTest" classname="App.Game.GamePokerTest" assertions="2" time="0.006275"/>
        <testcase name="testIsCompleted" file="/home/mrrobin/dbwebb-kurser/mvc/me/report/tests/Game/GamePokerTest.php" line="60" class="App\Game\GamePokerTest" classname="App.Game.GamePokerTest" assertions="2" time="0.004431"/>
        <testcase name="testGetRowHandRank" file="/home/mrrobin/dbwebb-kurser/mvc/me/report/tests/Game/GamePokerTest.php" line="76" class="App\Game\GamePokerTest" classname="App.Game.GamePokerTest" assertions="1" time="0.002613"/>
        <testcase name="testGetColumnHandRank" file="/home/mrrobin/dbwebb-kurser/mvc/me/report/tests/Game/GamePokerTest.php" line="92" class="App\Game\GamePokerTest" classname="App.Game.GamePokerTest" assertions="1" time="0.002536"/>
        <testcase name="testGetTotalHandRankPoints" file="/home/mrrobin/dbwebb-kurser/mvc/me/report/tests/Game/GamePokerTest.php" line="107" class="App\Game\GamePokerTest" classname="App.Game.GamePokerTest" assertions="1" time="0.002778"/>
        <testcase name="testGetPointsFromHandRank" file="/home/mrrobin/dbwebb-kurser/mvc/me/report/tests/Game/GamePokerTest.php" line="129" class="App\Game\GamePokerTest" classname="App.Game.GamePokerTest" assertions="10" time="0.001917"/>
        <testcase name="testGetRowAndColumnPoints" file="/home/mrrobin/dbwebb-kurser/mvc/me/report/tests/Game/GamePokerTest.php" line="145" class="App\Game\GamePokerTest" classname="App.Game.GamePokerTest" assertions="2" time="0.009244"/>
        <testcase name="testGetRowPoints" file="/home/mrrobin/dbwebb-kurser/mvc/me/report/tests/Game/GamePokerTest.php" line="162" class="App\Game\GamePokerTest" classname="App.Game.GamePokerTest" assertions="1" time="0.002333"/>
        <testcase name="testGetColumnPoints" file="/home/mrrobin/dbwebb-kurser/mvc/me/report/tests/Game/GamePokerTest.php" line="175" class="App\Game\GamePokerTest" classname="App.Game.GamePokerTest" assertions="1" time="0.003561"/>
        <testcase name="testGetTotalPoints" file="/home/mrrobin/dbwebb-kurser/mvc/me/report/tests/Game/GamePokerTest.php" line="188" class="App\Game\GamePokerTest" classname="App.Game.GamePokerTest" assertions="1" time="0.001848"/>
        <testcase name="testGetData" file="/home/mrrobin/dbwebb-kurser/mvc/me/report/tests/Game/GamePokerTest.php" line="201" class="App\Game\GamePokerTest" classname="App.Game.GamePokerTest" assertions="4" time="0.003091"/>
      </testsuite>
      <testsuite name="App\Game\GameTest" file="/home/mrrobin/dbwebb-kurser/mvc/me/report/tests/Game/GameTest.php" tests="7" assertions="10" errors="0" failures="0" skipped="0" time="0.020353">
        <testcase name="testCreateGameCheckDefaults" file="/home/mrrobin/dbwebb-kurser/mvc/me/report/tests/Game/GameTest.php" line="19" class="App\Game\GameTest" classname="App.Game.GameTest" assertions="1" time="0.002992"/>
        <testcase name="testGetGameProperties" file="/home/mrrobin/dbwebb-kurser/mvc/me/report/tests/Game/GameTest.php" line="29" class="App\Game\GameTest" classname="App.Game.GameTest" assertions="3" time="0.004056"/>
        <testcase name="testGameDrawEmptyDeck" file="/home/mrrobin/dbwebb-kurser/mvc/me/report/tests/Game/GameTest.php" line="49" class="App\Game\GameTest" classname="App.Game.GameTest" assertions="2" time="0.003224"/>
        <testcase name="testGameDrawCard" file="/home/mrrobin/dbwebb-kurser/mvc/me/report/tests/Game/GameTest.php" line="69" class="App\Game\GameTest" classname="App.Game.GameTest" assertions="1" time="0.002172"/>
        <testcase name="testGameRender" file="/home/mrrobin/dbwebb-kurser/mvc/me/report/tests/Game/GameTest.php" line="86" class="App\Game\GameTest" classname="App.Game.GameTest" assertions="1" time="0.002300"/>
        <testcase name="testGameEnd" file="/home/mrrobin/dbwebb-kurser/mvc/me/report/tests/Game/GameTest.php" line="103" class="App\Game\GameTest" classname="App.Game.GameTest" assertions="1" time="0.003630"/>
        <testcase name="testGameAIDecision" file="/home/mrrobin/dbwebb-kurser/mvc/me/report/tests/Game/GameTest.php" line="114" class="App\Game\GameTest" classname="App.Game.GameTest" assertions="1" time="0.001980"/>
      </testsuite>
    </testsuite>
  </testsuite>
</testsuites>
